src/lib/react-game-page.ts(126,13): error TS2322: Type 'EventSimulationResult' is not assignable to type 'boolean'.
src/lib/react-pages/react-augmentations-page.ts(137,21): error TS2322: Type 'ReactComponentInfo | null' is not assignable to type 'Element | null'.
src/lib/react-pages/react-augmentations-page.ts(146,17): error TS2322: Type 'ReactComponentInfo | null' is not assignable to type 'Element | null'.
src/lib/react-pages/react-augmentations-page.ts(169,37): error TS2345: Argument of type 'ReactComponentInfo' is not assignable to parameter of type 'Element'.
src/lib/react-pages/react-augmentations-page.ts(179,41): error TS2345: Argument of type 'ReactComponentInfo' is not assignable to parameter of type 'Element'.
src/lib/react-pages/react-augmentations-page.ts(202,41): error TS2345: Argument of type 'ReactComponentInfo' is not assignable to parameter of type 'Element'.
src/lib/react-pages/react-augmentations-page.ts(206,59): error TS2345: Argument of type '{ className: RegExp; timeout: number; }' is not assignable to parameter of type 'string'.
src/lib/react-pages/react-augmentations-page.ts(212,58): error TS2345: Argument of type 'ReactComponentInfo' is not assignable to parameter of type 'Element'.
src/lib/react-pages/react-augmentations-page.ts(237,41): error TS2345: Argument of type 'ReactComponentInfo' is not assignable to parameter of type 'Element'.
src/lib/react-pages/react-augmentations-page.ts(315,57): error TS2339: Property 'hasAttribute' does not exist on type 'ReactComponentInfo'.
src/lib/react-pages/react-augmentations-page.ts(323,55): error TS2339: Property 'textContent' does not exist on type 'ReactComponentInfo'.
src/lib/react-pages/react-augmentations-page.ts(331,67): error TS2339: Property 'textContent' does not exist on type 'ReactComponentInfo'.
src/lib/react-pages/react-augmentations-page.ts(354,37): error TS2345: Argument of type 'ReactComponentInfo' is not assignable to parameter of type 'Element'.
src/lib/react-pages/react-augmentations-page.ts(364,41): error TS2345: Argument of type 'ReactComponentInfo' is not assignable to parameter of type 'Element'.
src/lib/react-pages/react-augmentations-page.ts(378,62): error TS2345: Argument of type '{ text: RegExp; timeout: number; }' is not assignable to parameter of type 'string'.
src/lib/react-pages/react-augmentations-page.ts(384,60): error TS2345: Argument of type '{ role: string; timeout: number; }' is not assignable to parameter of type 'string'.
src/lib/react-pages/react-augmentations-page.ts(388,17): error TS2322: Type 'ReactComponentInfo[]' is not assignable to type 'Element[]'.
  Type 'ReactComponentInfo' is not assignable to type 'Element'.
src/lib/react-pages/react-augmentations-page.ts(391,13): error TS2322: Type 'ReactComponentInfo[]' is not assignable to type 'Element[]'.
src/lib/react-pages/react-augmentations-page.ts(403,57): error TS2345: Argument of type 'Element' is not assignable to parameter of type 'ReactComponentInfo'.
src/lib/react-pages/react-augmentations-page.ts(410,59): error TS2345: Argument of type '{ className: RegExp; ancestor: Element; timeout: number; }' is not assignable to parameter of type 'string'.
src/lib/react-pages/react-augmentations-page.ts(417,58): error TS2345: Argument of type 'ReactComponentInfo' is not assignable to parameter of type 'Element'.
src/lib/react-pages/react-augmentations-page.ts(433,57): error TS2345: Argument of type 'Element' is not assignable to parameter of type 'ReactComponentInfo'.
src/lib/react-pages/react-augmentations-page.ts(461,57): error TS2339: Property 'hasAttribute' does not exist on type 'ReactComponentInfo'.
src/lib/react-pages/react-bladeburner-page.ts(156,62): error TS2345: Argument of type '{ text: RegExp; timeout: number; }' is not assignable to parameter of type 'string'.
src/lib/react-pages/react-bladeburner-page.ts(162,70): error TS2345: Argument of type 'ReactComponentInfo' is not assignable to parameter of type 'Element'.
src/lib/react-pages/react-bladeburner-page.ts(198,37): error TS2345: Argument of type 'ReactComponentInfo' is not assignable to parameter of type 'Element'.
src/lib/react-pages/react-bladeburner-page.ts(222,37): error TS2345: Argument of type 'ReactComponentInfo' is not assignable to parameter of type 'Element'.
src/lib/react-pages/react-bladeburner-page.ts(244,41): error TS2345: Argument of type 'ReactComponentInfo' is not assignable to parameter of type 'Element'.
src/lib/react-pages/react-bladeburner-page.ts(248,61): error TS2345: Argument of type '{ className: RegExp; timeout: number; }' is not assignable to parameter of type 'string'.
src/lib/react-pages/react-bladeburner-page.ts(254,53): error TS2345: Argument of type 'ReactComponentInfo' is not assignable to parameter of type 'Element'.
src/lib/react-pages/react-bladeburner-page.ts(292,37): error TS2345: Argument of type 'ReactComponentInfo' is not assignable to parameter of type 'Element'.
src/lib/react-pages/react-bladeburner-page.ts(314,41): error TS2345: Argument of type 'ReactComponentInfo' is not assignable to parameter of type 'Element'.
src/lib/react-pages/react-bladeburner-page.ts(318,60): error TS2345: Argument of type '{ className: RegExp; timeout: number; }' is not assignable to parameter of type 'string'.
src/lib/react-pages/react-bladeburner-page.ts(324,51): error TS2345: Argument of type 'ReactComponentInfo' is not assignable to parameter of type 'Element'.
src/lib/react-pages/react-bladeburner-page.ts(362,37): error TS2345: Argument of type 'ReactComponentInfo' is not assignable to parameter of type 'Element'.
src/lib/react-pages/react-bladeburner-page.ts(398,41): error TS2345: Argument of type 'ReactComponentInfo' is not assignable to parameter of type 'Element'.
src/lib/react-pages/react-bladeburner-page.ts(436,59): error TS2345: Argument of type 'ReactComponentInfo' is not assignable to parameter of type 'Element'.
src/lib/react-pages/react-bladeburner-page.ts(439,41): error TS2345: Argument of type 'ReactComponentInfo' is not assignable to parameter of type 'Element'.
src/lib/react-pages/react-bladeburner-page.ts(455,57): error TS2345: Argument of type 'Element' is not assignable to parameter of type 'ReactComponentInfo'.
src/lib/react-pages/react-bladeburner-page.ts(464,62): error TS2345: Argument of type '{ className: RegExp; ancestor: Element; timeout: number; }' is not assignable to parameter of type 'string'.
src/lib/react-pages/react-bladeburner-page.ts(471,55): error TS2345: Argument of type 'ReactComponentInfo' is not assignable to parameter of type 'Element'.
src/lib/react-pages/react-bladeburner-page.ts(487,57): error TS2345: Argument of type 'Element' is not assignable to parameter of type 'ReactComponentInfo'.
src/lib/react-pages/react-bladeburner-page.ts(531,57): error TS2345: Argument of type 'Element' is not assignable to parameter of type 'ReactComponentInfo'.
src/lib/react-pages/react-bladeburner-page.ts(555,57): error TS2345: Argument of type 'Element' is not assignable to parameter of type 'ReactComponentInfo'.
src/lib/react-pages/react-corporation-page.ts(203,37): error TS2339: Property 'placeholder' does not exist on type 'Element'.
src/lib/react-pages/react-corporation-page.ts(219,37): error TS2339: Property 'simulateTyping' does not exist on type 'ReactEventHandler'.
src/lib/react-pages/react-corporation-page.ts(377,37): error TS2339: Property 'placeholder' does not exist on type 'Element'.
src/lib/react-pages/react-corporation-page.ts(387,41): error TS2339: Property 'simulateTyping' does not exist on type 'ReactEventHandler'.
src/lib/react-pages/react-factions-page.ts(307,45): error TS2339: Property 'simulateTyping' does not exist on type 'ReactEventHandler'.
src/lib/react-pages/react-gang-page.ts(113,58): error TS2345: Argument of type '{ role: string; timeout: number; }' is not assignable to parameter of type 'string'.
src/lib/react-pages/react-gang-page.ts(119,63): error TS2345: Argument of type 'ReactComponentInfo' is not assignable to parameter of type 'Element'.
  Type 'ReactComponentInfo' is missing the following properties from type 'Element': attributes, classList, className, clientHeight, and 159 more.
src/lib/react-pages/react-gang-page.ts(146,37): error TS2345: Argument of type 'ReactComponentInfo' is not assignable to parameter of type 'Element'.
src/lib/react-pages/react-gang-page.ts(160,33): error TS2345: Argument of type 'ReactComponentInfo' is not assignable to parameter of type 'Element'.
src/lib/react-pages/react-gang-page.ts(173,37): error TS2345: Argument of type 'ReactComponentInfo' is not assignable to parameter of type 'Element'.
src/lib/react-pages/react-gang-page.ts(213,37): error TS2345: Argument of type 'ReactComponentInfo' is not assignable to parameter of type 'Element'.
src/lib/react-pages/react-gang-page.ts(224,41): error TS2345: Argument of type 'ReactComponentInfo' is not assignable to parameter of type 'Element'.
src/lib/react-pages/react-gang-page.ts(249,57): error TS2345: Argument of type '{ role: string; ancestor: ReactComponentInfo; timeout: number; }' is not assignable to parameter of type 'string'.
src/lib/react-pages/react-gang-page.ts(256,63): error TS2345: Argument of type 'ReactComponentInfo' is not assignable to parameter of type 'Element'.
src/lib/react-pages/react-gang-page.ts(284,59): error TS2345: Argument of type 'ReactComponentInfo' is not assignable to parameter of type 'Element'.
src/lib/react-pages/react-gang-page.ts(287,41): error TS2345: Argument of type 'ReactComponentInfo' is not assignable to parameter of type 'Element'.
src/lib/react-pages/react-gang-page.ts(324,37): error TS2345: Argument of type 'ReactComponentInfo' is not assignable to parameter of type 'Element'.
src/lib/react-pages/react-gang-page.ts(349,37): error TS2345: Argument of type 'ReactComponentInfo' is not assignable to parameter of type 'Element'.
src/lib/react-pages/react-gang-page.ts(385,37): error TS2345: Argument of type 'ReactComponentInfo' is not assignable to parameter of type 'Element'.
src/lib/react-pages/react-gang-page.ts(395,41): error TS2345: Argument of type 'ReactComponentInfo' is not assignable to parameter of type 'Element'.
src/lib/react-pages/react-gang-page.ts(409,57): error TS2345: Argument of type 'Element' is not assignable to parameter of type 'ReactComponentInfo'.
  Types of property 'children' are incompatible.
    Type 'HTMLCollection' is missing the following properties from type 'ReactComponentInfo[]': pop, push, concat, join, and 28 more.
src/lib/react-pages/react-gang-page.ts(461,57): error TS2345: Argument of type 'Element' is not assignable to parameter of type 'ReactComponentInfo'.
src/lib/react-pages/react-sleeves-page.ts(83,62): error TS2345: Argument of type '{ className: RegExp; timeout: number; }' is not assignable to parameter of type 'string'.
src/lib/react-pages/react-sleeves-page.ts(89,62): error TS2345: Argument of type '{ role: string; timeout: number; }' is not assignable to parameter of type 'string'.
src/lib/react-pages/react-sleeves-page.ts(97,55): error TS2345: Argument of type 'ReactComponentInfo' is not assignable to parameter of type 'Element'.
src/lib/react-pages/react-sleeves-page.ts(130,37): error TS2345: Argument of type 'ReactComponentInfo' is not assignable to parameter of type 'Element'.
src/lib/react-pages/react-sleeves-page.ts(143,37): error TS2345: Argument of type 'ReactComponentInfo' is not assignable to parameter of type 'Element'.
src/lib/react-pages/react-sleeves-page.ts(153,45): error TS2345: Argument of type 'ReactComponentInfo' is not assignable to parameter of type 'Element'.
src/lib/react-pages/react-sleeves-page.ts(165,41): error TS2345: Argument of type 'ReactComponentInfo' is not assignable to parameter of type 'Element'.
src/lib/react-pages/react-sleeves-page.ts(196,37): error TS2345: Argument of type 'ReactComponentInfo' is not assignable to parameter of type 'Element'.
src/lib/react-pages/react-sleeves-page.ts(210,37): error TS2345: Argument of type 'ReactComponentInfo' is not assignable to parameter of type 'Element'.
src/lib/react-pages/react-sleeves-page.ts(240,37): error TS2345: Argument of type 'ReactComponentInfo' is not assignable to parameter of type 'Element'.
src/lib/react-pages/react-sleeves-page.ts(265,37): error TS2345: Argument of type 'ReactComponentInfo' is not assignable to parameter of type 'Element'.
src/lib/react-pages/react-sleeves-page.ts(301,41): error TS2345: Argument of type 'ReactComponentInfo' is not assignable to parameter of type 'Element'.
src/lib/react-pages/react-sleeves-page.ts(305,63): error TS2345: Argument of type '{ className: RegExp; timeout: number; }' is not assignable to parameter of type 'string'.
src/lib/react-pages/react-sleeves-page.ts(311,63): error TS2345: Argument of type 'ReactComponentInfo' is not assignable to parameter of type 'Element'.
src/lib/react-pages/react-sleeves-page.ts(359,37): error TS2345: Argument of type 'ReactComponentInfo' is not assignable to parameter of type 'Element'.
src/lib/react-pages/react-sleeves-page.ts(372,37): error TS2345: Argument of type 'ReactComponentInfo' is not assignable to parameter of type 'Element'.
src/lib/react-pages/react-sleeves-page.ts(402,37): error TS2345: Argument of type 'ReactComponentInfo' is not assignable to parameter of type 'Element'.
src/lib/react-pages/react-sleeves-page.ts(415,37): error TS2345: Argument of type 'ReactComponentInfo' is not assignable to parameter of type 'Element'.
src/lib/react-pages/react-sleeves-page.ts(424,41): error TS2345: Argument of type 'ReactComponentInfo' is not assignable to parameter of type 'Element'.
src/lib/react-pages/react-sleeves-page.ts(438,62): error TS2345: Argument of type '{ className: RegExp; timeout: number; }' is not assignable to parameter of type 'string'.
src/lib/react-pages/react-sleeves-page.ts(444,17): error TS2322: Type 'ReactComponentInfo' is not assignable to type 'Element'.
src/lib/react-pages/react-sleeves-page.ts(456,13): error TS2322: Type 'ReactComponentInfo | null' is not assignable to type 'Element | null'.
  Type 'ReactComponentInfo' is not assignable to type 'Element'.
src/lib/react-pages/react-sleeves-page.ts(466,57): error TS2345: Argument of type 'Element' is not assignable to parameter of type 'ReactComponentInfo'.
src/lib/react-pages/react-sleeves-page.ts(527,57): error TS2345: Argument of type 'Element' is not assignable to parameter of type 'ReactComponentInfo'.
src/lib/react-pages/react-stock-market-page.ts(91,57): error TS2345: Argument of type '{ role: string; timeout: number; }' is not assignable to parameter of type 'string'.
src/lib/react-pages/react-stock-market-page.ts(97,65): error TS2345: Argument of type '{ className: RegExp; timeout: number; }' is not assignable to parameter of type 'string'.
src/lib/react-pages/react-stock-market-page.ts(105,53): error TS2345: Argument of type 'ReactComponentInfo' is not assignable to parameter of type 'Element'.
src/lib/react-pages/react-stock-market-page.ts(131,42): error TS2345: Argument of type 'ReactComponentInfo' is not assignable to parameter of type 'Element'.
src/lib/react-pages/react-stock-market-page.ts(163,37): error TS2345: Argument of type 'ReactComponentInfo' is not assignable to parameter of type 'Element'.
src/lib/react-pages/react-stock-market-page.ts(177,33): error TS2345: Argument of type 'ReactComponentInfo' is not assignable to parameter of type 'Element'.
src/lib/react-pages/react-stock-market-page.ts(190,37): error TS2345: Argument of type 'ReactComponentInfo' is not assignable to parameter of type 'Element'.
src/lib/react-pages/react-stock-market-page.ts(225,37): error TS2345: Argument of type 'ReactComponentInfo' is not assignable to parameter of type 'Element'.
src/lib/react-pages/react-stock-market-page.ts(239,33): error TS2345: Argument of type 'ReactComponentInfo' is not assignable to parameter of type 'Element'.
src/lib/react-pages/react-stock-market-page.ts(252,37): error TS2345: Argument of type 'ReactComponentInfo' is not assignable to parameter of type 'Element'.
src/lib/react-pages/react-stock-market-page.ts(283,41): error TS2345: Argument of type 'ReactComponentInfo' is not assignable to parameter of type 'Element'.
src/lib/react-pages/react-stock-market-page.ts(288,49): error TS2345: Argument of type 'ReactComponentInfo' is not assignable to parameter of type 'Element'.
src/lib/react-pages/react-stock-market-page.ts(314,41): error TS2345: Argument of type 'ReactComponentInfo' is not assignable to parameter of type 'Element'.
src/lib/react-pages/react-stock-market-page.ts(318,63): error TS2345: Argument of type '{ className: RegExp; timeout: number; }' is not assignable to parameter of type 'string'.
src/lib/react-pages/react-stock-market-page.ts(324,57): error TS2345: Argument of type 'ReactComponentInfo' is not assignable to parameter of type 'Element'.
src/lib/react-pages/react-stock-market-page.ts(376,37): error TS2345: Argument of type 'ReactComponentInfo' is not assignable to parameter of type 'Element'.
src/lib/react-pages/react-stock-market-page.ts(390,33): error TS2345: Argument of type 'ReactComponentInfo' is not assignable to parameter of type 'Element'.
src/lib/react-pages/react-stock-market-page.ts(403,37): error TS2345: Argument of type 'ReactComponentInfo' is not assignable to parameter of type 'Element'.
src/lib/react-pages/react-stock-market-page.ts(438,37): error TS2345: Argument of type 'ReactComponentInfo' is not assignable to parameter of type 'Element'.
src/lib/react-pages/react-stock-market-page.ts(452,33): error TS2345: Argument of type 'ReactComponentInfo' is not assignable to parameter of type 'Element'.
src/lib/react-pages/react-stock-market-page.ts(465,37): error TS2345: Argument of type 'ReactComponentInfo' is not assignable to parameter of type 'Element'.
src/lib/react-pages/react-stock-market-page.ts(501,57): error TS2345: Argument of type 'Element' is not assignable to parameter of type 'ReactComponentInfo'.
src/lib/react-pages/react-stock-market-page.ts(564,57): error TS2345: Argument of type 'Element' is not assignable to parameter of type 'ReactComponentInfo'.
src/lib/react-pages/react-terminal-page.ts(119,37): error TS2339: Property 'placeholder' does not exist on type 'Element'.
src/lib/react-pages/react-terminal-page.ts(152,37): error TS2339: Property 'simulateTyping' does not exist on type 'ReactEventHandler'.
src/lib/react-pages/react-terminal-page.ts(156,37): error TS2339: Property 'simulateKeyPress' does not exist on type 'ReactEventHandler'.
src/lib/react-pages/react-terminal-page.ts(173,17): error TS2322: Type '(component: ReactComponentInfo) => boolean | undefined' is not assignable to type '(component: ReactComponentInfo) => boolean'.
  Type 'boolean | undefined' is not assignable to type 'boolean'.
    Type 'undefined' is not assignable to type 'boolean'.
src/navigator-react-types.ts(219,51): error TS2693: 'ReactGamePage' only refers to a type, but is being used as a value here.
src/quick-test.ts(47,21): error TS7053: Element implicitly has an 'any' type because expression of type 'string' can't be used to index type 'typeof globalThis'.
  No index signature with a parameter of type 'string' was found on type 'typeof globalThis'.
src/quick-test.ts(48,21): error TS7053: Element implicitly has an 'any' type because expression of type 'string' can't be used to index type 'typeof globalThis'.
  No index signature with a parameter of type 'string' was found on type 'typeof globalThis'.
src/system-test.ts(35,23): error TS2673: Constructor of class 'Logger' is private and only accessible within the class declaration.
src/system-test.ts(55,55): error TS2554: Expected 1 arguments, but got 2.
src/system-test.ts(107,21): error TS7053: Element implicitly has an 'any' type because expression of type 'string' can't be used to index type 'typeof globalThis'.
  No index signature with a parameter of type 'string' was found on type 'typeof globalThis'.
src/system-test.ts(113,21): error TS7053: Element implicitly has an 'any' type because expression of type 'string' can't be used to index type 'typeof globalThis'.
  No index signature with a parameter of type 'string' was found on type 'typeof globalThis'.
src/system-test.ts(133,21): error TS7053: Element implicitly has an 'any' type because expression of type 'string' can't be used to index type 'typeof globalThis'.
  No index signature with a parameter of type 'string' was found on type 'typeof globalThis'.
src/system-test.ts(246,62): error TS2339: Property 'data' does not exist on type 'NetscriptPort'.
src/system-test.ts(335,28): error TS2673: Constructor of class 'Logger' is private and only accessible within the class declaration.
src/system-test.ts(528,25): error TS7053: Element implicitly has an 'any' type because expression of type 'string' can't be used to index type 'typeof globalThis'.
  No index signature with a parameter of type 'string' was found on type 'typeof globalThis'.
